# JRE version: Java(TM) SE Runtime Environment 18.9 (11.0.13+10) (build 11.0.13+10-LTS-370)
# Java VM: Java HotSpot(TM) 64-Bit Server VM 18.9 (11.0.13+10-LTS-370, mixed mode, tiered, compressed oops, g1 gc, windows-amd64)
Heap:
 garbage-first heap   total 92160K, used 71469K [0x0000000701200000, 0x0000000800000000)
  region size 1024K, 46 young (47104K), 6 survivors (6144K)
 Metaspace       used 72662K, capacity 74643K, committed 74844K, reserved 1114112K
  class space    used 9673K, capacity 10398K, committed 10440K, reserved 1048576K
GC Heap History (10 events):
Event: 17.994 GC heap after
{Heap after GC invocations=14 (full 0):
 garbage-first heap   total 378880K, used 29066K [0x0000000701200000, 0x0000000800000000)
  region size 1024K, 20 young (20480K), 20 survivors (20480K)
 Metaspace       used 69513K, capacity 71243K, committed 71388K, reserved 1110016K
  class space    used 9290K, capacity 10000K, committed 10056K, reserved 1048576K
}
Event: 87.884 GC heap before
{Heap before GC invocations=14 (full 0):
 garbage-first heap   total 378880K, used 67978K [0x0000000701200000, 0x0000000800000000)
  region size 1024K, 60 young (61440K), 20 survivors (20480K)
 Metaspace       used 72182K, capacity 74019K, committed 74332K, reserved 1114112K
  class space    used 9618K, capacity 10327K, committed 10440K, reserved 1048576K
}
Event: 87.956 GC heap after
{Heap after GC invocations=15 (full 1):
 garbage-first heap   total 92160K, used 25227K [0x0000000701200000, 0x0000000800000000)
  region size 1024K, 0 young (0K), 0 survivors (0K)
 Metaspace       used 72171K, capacity 74001K, committed 74332K, reserved 1114112K
  class space    used 9617K, capacity 10324K, committed 10440K, reserved 1048576K
}
Event: 88.244 GC heap before
{Heap before GC invocations=15 (full 1):
 garbage-first heap   total 92160K, used 75403K [0x0000000701200000, 0x0000000800000000)
  region size 1024K, 50 young (51200K), 0 survivors (0K)
 Metaspace       used 72249K, capacity 74224K, committed 74332K, reserved 1114112K
  class space    used 9635K, capacity 10374K, committed 10440K, reserved 1048576K
}
Event: 88.247 GC heap after
{Heap after GC invocations=16 (full 1):
 garbage-first heap   total 92160K, used 29323K [0x0000000701200000, 0x0000000800000000)
  region size 1024K, 4 young (4096K), 4 survivors (4096K)
 Metaspace       used 72249K, capacity 74224K, committed 74332K, reserved 1114112K
  class space    used 9635K, capacity 10374K, committed 10440K, reserved 1048576K
}
Event: 88.416 GC heap before
{Heap before GC invocations=16 (full 1):
 garbage-first heap   total 92160K, used 74379K [0x0000000701200000, 0x0000000800000000)
  region size 1024K, 49 young (50176K), 4 survivors (4096K)
 Metaspace       used 72303K, capacity 74242K, committed 74332K, reserved 1114112K
  class space    used 9641K, capacity 10378K, committed 10440K, reserved 1048576K
}
Event: 88.419 GC heap after
{Heap after GC invocations=17 (full 1):
 garbage-first heap   total 92160K, used 29257K [0x0000000701200000, 0x0000000800000000)
  region size 1024K, 4 young (4096K), 4 survivors (4096K)
 Metaspace       used 72303K, capacity 74242K, committed 74332K, reserved 1114112K
  class space    used 9641K, capacity 10378K, committed 10440K, reserved 1048576K
}
Event: 88.709 GC heap before
{Heap before GC invocations=17 (full 1):
 garbage-first heap   total 92160K, used 74313K [0x0000000701200000, 0x0000000800000000)
  region size 1024K, 49 young (50176K), 4 survivors (4096K)
 Metaspace       used 72591K, capacity 74537K, committed 74844K, reserved 1114112K
  class space    used 9665K, capacity 10386K, committed 10440K, reserved 1048576K
}
Event: 88.714 GC heap after
{Heap after GC invocations=18 (full 1):
 garbage-first heap   total 92160K, used 30958K [0x0000000701200000, 0x0000000800000000)
  region size 1024K, 6 young (6144K), 6 survivors (6144K)
 Metaspace       used 72591K, capacity 74537K, committed 74844K, reserved 1114112K
  class space    used 9665K, capacity 10386K, committed 10440K, reserved 1048576K
}
Event: 149.589 GC heap before
{Heap before GC invocations=18 (full 1):
 garbage-first heap   total 92160K, used 70894K [0x0000000701200000, 0x0000000800000000)
  region size 1024K, 46 young (47104K), 6 survivors (6144K)
 Metaspace       used 72662K, capacity 74643K, committed 74844K, reserved 1114112K
  class space    used 9673K, capacity 10398K, committed 10440K, reserved 1048576K
}

